{
  "stats": {
    "suites": 1,
    "tests": 2,
    "passes": 2,
    "pending": 0,
    "failures": 0,
    "start": "2026-06-20T09:00:50.238Z",
    "end": "2026-06-20T09:00:56.991Z",
    "duration": 6753,
    "testsRegistered": 2,
    "passPercent": 100,
    "pendingPercent": 0,
    "other": 0,
    "hasOther": false,
    "skipped": 0,
    "hasSkipped": false
  },
  "results": [
    {
      "uuid": "125c0863-eb28-4112-822a-8c8019f41ecf",
      "title": "",
      "fullFile": "D:\\riskasavi\\WebUIAutomation\\test\\saucedemo.test.js",
      "file": "\\test\\saucedemo.test.js",
      "beforeHooks": [],
      "afterHooks": [],
      "tests": [],
      "suites": [
        {
          "uuid": "ed8c4a09-87d3-4a3d-9ea7-b5506b71f448",
          "title": "Saucedemo UI Automation Test",
          "fullFile": "D:\\riskasavi\\WebUIAutomation\\test\\saucedemo.test.js",
          "file": "\\test\\saucedemo.test.js",
          "beforeHooks": [
            {
              "title": "\"before all\" hook in \"Saucedemo UI Automation Test\"",
              "fullTitle": "Saucedemo UI Automation Test \"before all\" hook in \"Saucedemo UI Automation Test\"",
              "timedOut": false,
              "duration": 2898,
              "state": null,
              "speed": null,
              "pass": false,
              "fail": false,
              "pending": false,
              "context": null,
              "code": "driver = await new Builder().forBrowser('chrome').build();",
              "err": {},
              "uuid": "b3bce3f2-5b87-4629-85b4-5aa35dcaa480",
              "parentUUID": "ed8c4a09-87d3-4a3d-9ea7-b5506b71f448",
              "isHook": true,
              "skipped": false
            }
          ],
          "afterHooks": [
            {
              "title": "\"after all\" hook in \"Saucedemo UI Automation Test\"",
              "fullTitle": "Saucedemo UI Automation Test \"after all\" hook in \"Saucedemo UI Automation Test\"",
              "timedOut": false,
              "duration": 579,
              "state": null,
              "speed": null,
              "pass": false,
              "fail": false,
              "pending": false,
              "context": null,
              "code": "if (driver) {\n    await driver.quit();\n}",
              "err": {},
              "uuid": "9eb0dac3-3f01-4d64-8b72-84cfb7e9066e",
              "parentUUID": "ed8c4a09-87d3-4a3d-9ea7-b5506b71f448",
              "isHook": true,
              "skipped": false
            }
          ],
          "tests": [
            {
              "title": "Case 1: Sukses Login",
              "fullTitle": "Saucedemo UI Automation Test Case 1: Sukses Login",
              "timedOut": false,
              "duration": 2653,
              "state": "passed",
              "speed": "slow",
              "pass": true,
              "fail": false,
              "pending": false,
              "context": null,
              "code": "// 1. Buka halaman website saucedemo\nawait driver.get('https://www.saucedemo.com');\n// 2. Cari elemen input username & password, lalu masukkan datanya\nawait driver.findElement(By.id('user-name')).sendKeys('standard_user');\nawait driver.findElement(By.id('password')).sendKeys('secret_sauce');\n// 3. Cari dan klik tombol Login\nawait driver.findElement(By.id('login-button')).click();\n// 4. Validasi/Assertion menggunakan strictEqual (Memastikan URL berubah ke halaman inventory)\nconst currentUrl = await driver.getCurrentUrl();\nassert.strictEqual(currentUrl, 'https://www.saucedemo.com/inventory.html');\n// Validasi tambahan: Memastikan teks judul halaman adalah \"Products\"\nconst titleText = await driver.findElement(By.className('title')).getText();\nassert.strictEqual(titleText, 'Products');",
              "err": {},
              "uuid": "99ea64ad-b561-42ce-b1b7-0b0ea0fae94d",
              "parentUUID": "ed8c4a09-87d3-4a3d-9ea7-b5506b71f448",
              "isHook": false,
              "skipped": false
            },
            {
              "title": "Case 2: Urutkan Produk dari A-Z",
              "fullTitle": "Saucedemo UI Automation Test Case 2: Urutkan Produk dari A-Z",
              "timedOut": false,
              "duration": 595,
              "state": "passed",
              "speed": "slow",
              "pass": true,
              "fail": false,
              "pending": false,
              "context": null,
              "code": "// Catatan: Test case ini melanjutkan sesi login dari Case 1\n// 1. Temukan elemen container dropdown filter pengurutan produk\nconst sortDropdown = await driver.findElement(By.className('product_sort_container'));\nawait sortDropdown.click();\n// 2. Pilih opsi pengurutan 'Name (A to Z)' yang memiliki value \"az\"\nconst optionAZ = await driver.findElement(By.css('option[value=\"az\"]'));\nawait optionAZ.click();\n// 3. Ambil semua elemen nama produk yang muncul di halaman\nconst productElements = await driver.findElements(By.className('inventory_item_name'));\n\nlet productNames = [];\nfor (let element of productElements) {\n    let name = await element.getText();\n    productNames.push(name);\n}\n// 4. Salin array nama produk lalu urutkan secara alfabetis menggunakan javascript (.sort())\nlet expectedSortedNames = [...productNames].sort();\n// 5. Assertion: Bandingkan urutan di web dengan urutan alfabetis asli\nassert.deepStrictEqual(productNames, expectedSortedNames);",
              "err": {},
              "uuid": "a499cdf7-e539-4bed-80d8-c5734dcc1adc",
              "parentUUID": "ed8c4a09-87d3-4a3d-9ea7-b5506b71f448",
              "isHook": false,
              "skipped": false
            }
          ],
          "suites": [],
          "passes": [
            "99ea64ad-b561-42ce-b1b7-0b0ea0fae94d",
            "a499cdf7-e539-4bed-80d8-c5734dcc1adc"
          ],
          "failures": [],
          "pending": [],
          "skipped": [],
          "duration": 3248,
          "root": false,
          "rootEmpty": false,
          "_timeout": 30000
        }
      ],
      "passes": [],
      "failures": [],
      "pending": [],
      "skipped": [],
      "duration": 0,
      "root": true,
      "rootEmpty": true,
      "_timeout": 2000
    }
  ],
  "meta": {
    "mocha": {
      "version": "11.7.6"
    },
    "mochawesome": {
      "options": {
        "quiet": false,
        "reportFilename": "mochawesome",
        "saveHtml": true,
        "saveJson": true,
        "consoleReporter": "spec",
        "useInlineDiffs": false,
        "code": true
      },
      "version": "7.1.4"
    },
    "marge": {
      "options": null,
      "version": "6.3.2"
    }
  }
}